Change Component Designator: Old Designator=C16 New Designator=C8
Change Component Designator: Old Designator=C17 New Designator=C9
Change Component Designator: Old Designator=C21 New Designator=C23
Change Component Designator: Old Designator=C22 New Designator=C24
Change Component Designator: Old Designator=C23 New Designator=C25
Change Component Designator: Old Designator=C24 New Designator=C26
Change Component Designator: Old Designator=C25 New Designator=C27
Change Component Designator: Old Designator=C121 New Designator=C12
Change Component Designator: Old Designator=C131 New Designator=C10
Change Component Designator: Old Designator=C? New Designator=C1
Change Component Designator: Old Designator=C? New Designator=C2
Change Component Designator: Old Designator=C? New Designator=C3
Change Component Designator: Old Designator=C? New Designator=C4
Change Component Designator: Old Designator=C? New Designator=C5
Change Component Designator: Old Designator=C? New Designator=C6
Change Component Designator: Old Designator=C? New Designator=C7
Change Component Designator: Old Designator=C? New Designator=C11
Change Component Designator: Old Designator=C? New Designator=C13
Change Component Designator: Old Designator=C? New Designator=C14
Change Component Designator: Old Designator=C? New Designator=C15
Change Component Designator: Old Designator=C? New Designator=C16
Change Component Designator: Old Designator=C? New Designator=C17
Change Component Designator: Old Designator=C? New Designator=C18
Change Component Designator: Old Designator=C? New Designator=C19
Change Component Designator: Old Designator=C? New Designator=C20
Change Component Designator: Old Designator=C? New Designator=C21
Change Component Designator: Old Designator=C? New Designator=C22
Change Component Designator: Old Designator=C? New Designator=C28
Change Component Designator: Old Designator=C? New Designator=C29
Change Component Designator: Old Designator=IC? New Designator=IC1
Change Component Designator: Old Designator=J2 New Designator=J3
Change Component Designator: Old Designator=J3 New Designator=J1
Change Component Designator: Old Designator=J4 New Designator=J2
Change Component Designator: Old Designator=L? New Designator=L1
Change Component Designator: Old Designator=L? New Designator=L2
Change Component Designator: Old Designator=L? New Designator=L3
Change Component Designator: Old Designator=L? New Designator=L4
Change Component Designator: Old Designator=L? New Designator=L5
Change Component Designator: Old Designator=R? New Designator=R1
