Change Component Designator: Old Designator=*1 New Designator=*3
Change Component Designator: Old Designator=* New Designator=*1
Change Component Designator: Old Designator=*? New Designator=*2
Change Component Designator: Old Designator=C1 New Designator=C2
Change Component Designator: Old Designator=C2 New Designator=C3
Change Component Designator: Old Designator=C3 New Designator=C4
Change Component Designator: Old Designator=C4 New Designator=C5
Change Component Designator: Old Designator=C5 New Designator=C6
Change Component Designator: Old Designator=C6 New Designator=C7
Change Component Designator: Old Designator=C7 New Designator=C8
Change Component Designator: Old Designator=C8 New Designator=C1
Change Component Designator: Old Designator=C18 New Designator=C28
Change Component Designator: Old Designator=C19 New Designator=C29
Change Component Designator: Old Designator=C20 New Designator=C18
Change Component Designator: Old Designator=C21 New Designator=C19
Change Component Designator: Old Designator=C22 New Designator=C20
Change Component Designator: Old Designator=C23 New Designator=C21
Change Component Designator: Old Designator=C24 New Designator=C22
Change Component Designator: Old Designator=C25 New Designator=C23
Change Component Designator: Old Designator=C26 New Designator=C24
Change Component Designator: Old Designator=C27 New Designator=C25
Change Component Designator: Old Designator=C28 New Designator=C26
Change Component Designator: Old Designator=C29 New Designator=C27
Change Component Designator: Old Designator=D? New Designator=D1
Change Component Designator: Old Designator=DS? New Designator=DS1
Change Component Designator: Old Designator=J1 New Designator=J2
Change Component Designator: Old Designator=J2 New Designator=J1
Change Component Designator: Old Designator=R1 New Designator=R4
Change Component Designator: Old Designator=R2 New Designator=R1
Change Component Designator: Old Designator=R4 New Designator=R2
Change Component Designator: Old Designator=R5 New Designator=R7
Change Component Designator: Old Designator=R6 New Designator=R8
Change Component Designator: Old Designator=R? New Designator=R5
Change Component Designator: Old Designator=R? New Designator=R6
