Change Component Designator: Old Designator=C80 New Designator=C30
Change Component Designator: Old Designator=C82 New Designator=C31
Change Component Designator: Old Designator=C83 New Designator=C32
Change Component Designator: Old Designator=C84 New Designator=C34
Change Component Designator: Old Designator=C85 New Designator=C35
Change Component Designator: Old Designator=C86 New Designator=C36
Change Component Designator: Old Designator=C87 New Designator=C33
Change Component Designator: Old Designator=C88 New Designator=C37
Change Component Designator: Old Designator=C89 New Designator=C38
Change Component Designator: Old Designator=C90 New Designator=C39
Change Component Designator: Old Designator=C91 New Designator=C40
Change Component Designator: Old Designator=C92 New Designator=C41
Change Component Designator: Old Designator=C93 New Designator=C42
Change Component Designator: Old Designator=C94 New Designator=C43
Change Component Designator: Old Designator=C95 New Designator=C44
Change Component Designator: Old Designator=C96 New Designator=C45
Change Component Designator: Old Designator=C97 New Designator=C46
Change Component Designator: Old Designator=C98 New Designator=C47
Change Component Designator: Old Designator=C99 New Designator=C48
Change Component Designator: Old Designator=C100 New Designator=C49
Change Component Designator: Old Designator=C101 New Designator=C50
Change Component Designator: Old Designator=C102 New Designator=C51
Change Component Designator: Old Designator=C103 New Designator=C52
Change Component Designator: Old Designator=C104 New Designator=C53
Change Component Designator: Old Designator=IC80 New Designator=IC2
Change Component Designator: Old Designator=J80 New Designator=J4
Change Component Designator: Old Designator=R80 New Designator=R7
Change Component Designator: Old Designator=U80 New Designator=U3
Change Component Designator: Old Designator=U80 New Designator=U3
